<?xml version="1.0" encoding="UTF-8"?>
<!-- Generated by org.testng.reporters.JUnitReportReporter -->
<testsuite hostname="Srinivas" failures="0" tests="4" name="TestNGsessions.TestNGAnnotations" time="1.874" errors="0" timestamp="2024-01-28T22:30:26 IST" skipped="0">
  <testcase classname="TestNGsessions.TestNGAnnotations" name="validTest1" time="0.505"/>
  <testcase classname="TestNGsessions.TestNGAnnotations" name="validTest3" time="0.429"/>
  <testcase classname="TestNGsessions.TestNGAnnotations" name="validTest2" time="0.453"/>
  <testcase classname="TestNGsessions.TestNGAnnotations" name="validTest4" time="0.487"/>
</testsuite> <!-- TestNGsessions.TestNGAnnotations -->
