<?xml version="1.0" encoding="UTF-8"?>
<!-- Generated by org.testng.reporters.JUnitReportReporter -->
<testsuite hostname="Srinivas" failures="0" tests="4" name="TestNGsessions.TestNGAnnotations1" time="1.462" errors="0" timestamp="2024-01-31T00:25:07 IST" skipped="0">
  <testcase classname="TestNGsessions.TestNGAnnotations1" name="validTest1" time="0.368"/>
  <testcase classname="TestNGsessions.TestNGAnnotations1" name="validTest3" time="0.379"/>
  <testcase classname="TestNGsessions.TestNGAnnotations1" name="validTest2" time="0.360"/>
  <testcase classname="TestNGsessions.TestNGAnnotations1" name="validTest4" time="0.355"/>
</testsuite> <!-- TestNGsessions.TestNGAnnotations1 -->
